<?xml version="1.0" encoding="UTF-8"?>
<testsuite xmlns:xsi="http://www.w3.org/2001/XMLSchema-instance" xsi:noNamespaceSchemaLocation="https://maven.apache.org/surefire/maven-surefire-plugin/xsd/surefire-test-report.xsd" version="3.0.2" name="com.kishore.springboot_lambda.StreamLambdaHandlerTest" time="5.072" tests="2" errors="0" skipped="0" failures="0">
  <properties>
[...]
</properties>
  <testcase name="ping_streamRequest_respondsWithHello" classname="com.kishore.springboot_lambda.StreamLambdaHandlerTest" time="0.313">
    <system-out><![CDATA[20:02:12.736 [main] INFO com.amazonaws.serverless.proxy.internal.LambdaContainerHandler -- Starting Lambda Container Handler

  .   ____          _            __ _ _
 /\\ / ___'_ __ _ _(_)_ __  __ _ \ \ \ \
( ( )\___ | '_ | '_| | '_ \/ _` | \ \ \ \
 \\/  ___)| |_)| | | | | || (_| |  ) ) ) )
  '  |____| .__|_| |_|_| |_\__, | / / / /
 =========|_|==============|___/=/_/_/_/

 :: Spring Boot ::                (v3.4.5)

]]></system-out>
  </testcase>
  <testcase name="invalidResource_streamRequest_responds404" classname="com.kishore.springboot_lambda.StreamLambdaHandlerTest" time="0.009">
    <system-out><![CDATA[2025-08-25T20:02:16.889+05:30  WARN 7847 --- [           main] o.s.web.servlet.PageNotFound             : No mapping for GET /pong
2025-08-25T20:02:16.892+05:30  WARN 7847 --- [           main] o.s.web.servlet.PageNotFound             : No endpoint GET /pong.
]]></system-out>
  </testcase>
</testsuite>